# JRE version: OpenJDK Runtime Environment (8.0_76-b03) (build 1.8.0_76-release-b03)
# Java VM: OpenJDK 64-Bit Server VM (25.76-b03 mixed mode windows-amd64 compressed oops)
Heap:
 PSYoungGen      total 137728K, used 79305K [0x00000000e0000000, 0x00000000ea580000, 0x0000000100000000)
  eden space 127488K, 56% used [0x00000000e0000000,0x00000000e466a8f0,0x00000000e7c80000)
  from space 10240K, 70% used [0x00000000e7c80000,0x00000000e8387bd0,0x00000000e8680000)
  to   space 10240K, 64% used [0x00000000e9b80000,0x00000000ea1f6fe8,0x00000000ea580000)
 ParOldGen       total 1048576K, used 8358K [0x00000000a0000000, 0x00000000e0000000, 0x00000000e0000000)
  object space 1048576K, 0% used [0x00000000a0000000,0x00000000a0829828,0x00000000e0000000)
 Metaspace       used 34636K, capacity 35162K, committed 35496K, reserved 1079296K
  class space    used 4636K, capacity 4818K, committed 4912K, reserved 1048576K
GC Heap History (10 events):
Event: 5.654 GC heap after
Heap after GC invocations=4 (full 0):
 PSYoungGen      total 68096K, used 2544K [0x00000000e0000000, 0x00000000e4500000, 0x0000000100000000)
  eden space 65536K, 0% used [0x00000000e0000000,0x00000000e0000000,0x00000000e4000000)
  from space 2560K, 99% used [0x00000000e4280000,0x00000000e44fc010,0x00000000e4500000)
  to   space 2560K, 0% used [0x00000000e4000000,0x00000000e4000000,0x00000000e4280000)
 ParOldGen       total 44032K, used 9836K [0x00000000a0000000, 0x00000000a2b00000, 0x00000000e0000000)
  object space 44032K, 22% used [0x00000000a0000000,0x00000000a099b020,0x00000000a2b00000)
 Metaspace       used 18538K, capacity 18878K, committed 19072K, reserved 1064960K
  class space    used 2473K, capacity 2582K, committed 2688K, reserved 1048576K
}
Event: 7.159 GC heap before
{Heap before GC invocations=5 (full 0):
 PSYoungGen      total 68096K, used 26394K [0x00000000e0000000, 0x00000000e4500000, 0x0000000100000000)
  eden space 65536K, 36% used [0x00000000e0000000,0x00000000e174a880,0x00000000e4000000)
  from space 2560K, 99% used [0x00000000e4280000,0x00000000e44fc010,0x00000000e4500000)
  to   space 2560K, 0% used [0x00000000e4000000,0x00000000e4000000,0x00000000e4280000)
 ParOldGen       total 44032K, used 9836K [0x00000000a0000000, 0x00000000a2b00000, 0x00000000e0000000)
  object space 44032K, 22% used [0x00000000a0000000,0x00000000a099b020,0x00000000a2b00000)
 Metaspace       used 20820K, capacity 21160K, committed 21296K, reserved 1067008K
  class space    used 2728K, capacity 2847K, committed 2864K, reserved 1048576K
Event: 7.231 GC heap after
Heap after GC invocations=5 (full 0):
 PSYoungGen      total 68096K, used 2544K [0x00000000e0000000, 0x00000000e9200000, 0x0000000100000000)
  eden space 65536K, 0% used [0x00000000e0000000,0x00000000e0000000,0x00000000e4000000)
  from space 2560K, 99% used [0x00000000e4000000,0x00000000e427c010,0x00000000e4280000)
  to   space 9216K, 0% used [0x00000000e8900000,0x00000000e8900000,0x00000000e9200000)
 ParOldGen       total 44032K, used 12480K [0x00000000a0000000, 0x00000000a2b00000, 0x00000000e0000000)
  object space 44032K, 28% used [0x00000000a0000000,0x00000000a0c30170,0x00000000a2b00000)
 Metaspace       used 20820K, capacity 21160K, committed 21296K, reserved 1067008K
  class space    used 2728K, capacity 2847K, committed 2864K, reserved 1048576K
}
Event: 7.231 GC heap before
{Heap before GC invocations=6 (full 1):
 PSYoungGen      total 68096K, used 2544K [0x00000000e0000000, 0x00000000e9200000, 0x0000000100000000)
  eden space 65536K, 0% used [0x00000000e0000000,0x00000000e0000000,0x00000000e4000000)
  from space 2560K, 99% used [0x00000000e4000000,0x00000000e427c010,0x00000000e4280000)
  to   space 9216K, 0% used [0x00000000e8900000,0x00000000e8900000,0x00000000e9200000)
 ParOldGen       total 44032K, used 12480K [0x00000000a0000000, 0x00000000a2b00000, 0x00000000e0000000)
  object space 44032K, 28% used [0x00000000a0000000,0x00000000a0c30170,0x00000000a2b00000)
 Metaspace       used 20820K, capacity 21160K, committed 21296K, reserved 1067008K
  class space    used 2728K, capacity 2847K, committed 2864K, reserved 1048576K
Event: 7.443 GC heap after
Heap after GC invocations=6 (full 1):
 PSYoungGen      total 68096K, used 0K [0x00000000e0000000, 0x00000000e9200000, 0x0000000100000000)
  eden space 65536K, 0% used [0x00000000e0000000,0x00000000e0000000,0x00000000e4000000)
  from space 2560K, 0% used [0x00000000e4000000,0x00000000e4000000,0x00000000e4280000)
  to   space 9216K, 0% used [0x00000000e8900000,0x00000000e8900000,0x00000000e9200000)
 ParOldGen       total 37888K, used 8350K [0x00000000a0000000, 0x00000000a2500000, 0x00000000e0000000)
  object space 37888K, 22% used [0x00000000a0000000,0x00000000a0827828,0x00000000a2500000)
 Metaspace       used 20820K, capacity 21160K, committed 21296K, reserved 1067008K
  class space    used 2728K, capacity 2847K, committed 2864K, reserved 1048576K
}
Event: 11.761 GC heap before
{Heap before GC invocations=7 (full 1):
 PSYoungGen      total 68096K, used 65536K [0x00000000e0000000, 0x00000000e9200000, 0x0000000100000000)
  eden space 65536K, 100% used [0x00000000e0000000,0x00000000e4000000,0x00000000e4000000)
  from space 2560K, 0% used [0x00000000e4000000,0x00000000e4000000,0x00000000e4280000)
  to   space 9216K, 0% used [0x00000000e8900000,0x00000000e8900000,0x00000000e9200000)
 ParOldGen       total 37888K, used 8350K [0x00000000a0000000, 0x00000000a2500000, 0x00000000e0000000)
  object space 37888K, 22% used [0x00000000a0000000,0x00000000a0827828,0x00000000a2500000)
 Metaspace       used 25961K, capacity 26430K, committed 26800K, reserved 1073152K
  class space    used 3573K, capacity 3701K, committed 3760K, reserved 1048576K
Event: 11.783 GC heap after
Heap after GC invocations=7 (full 1):
 PSYoungGen      total 108032K, used 7474K [0x00000000e0000000, 0x00000000e9080000, 0x0000000100000000)
  eden space 100352K, 0% used [0x00000000e0000000,0x00000000e0000000,0x00000000e6200000)
  from space 7680K, 97% used [0x00000000e8900000,0x00000000e904c890,0x00000000e9080000)
  to   space 10240K, 0% used [0x00000000e7c80000,0x00000000e7c80000,0x00000000e8680000)
 ParOldGen       total 37888K, used 8350K [0x00000000a0000000, 0x00000000a2500000, 0x00000000e0000000)
  object space 37888K, 22% used [0x00000000a0000000,0x00000000a0827828,0x00000000a2500000)
 Metaspace       used 25961K, capacity 26430K, committed 26800K, reserved 1073152K
  class space    used 3573K, capacity 3701K, committed 3760K, reserved 1048576K
}
Event: 17.507 GC heap before
{Heap before GC invocations=8 (full 1):
 PSYoungGen      total 108032K, used 107826K [0x00000000e0000000, 0x00000000e9080000, 0x0000000100000000)
  eden space 100352K, 100% used [0x00000000e0000000,0x00000000e6200000,0x00000000e6200000)
  from space 7680K, 97% used [0x00000000e8900000,0x00000000e904c890,0x00000000e9080000)
  to   space 10240K, 0% used [0x00000000e7c80000,0x00000000e7c80000,0x00000000e8680000)
 ParOldGen       total 37888K, used 8350K [0x00000000a0000000, 0x00000000a2500000, 0x00000000e0000000)
  object space 37888K, 22% used [0x00000000a0000000,0x00000000a0827828,0x00000000a2500000)
 Metaspace       used 29221K, capacity 29792K, committed 30000K, reserved 1075200K
  class space    used 3961K, capacity 4139K, committed 4144K, reserved 1048576K
Event: 17.571 GC heap after
Heap after GC invocations=8 (full 1):
 PSYoungGen      total 137728K, used 7198K [0x00000000e0000000, 0x00000000ea580000, 0x0000000100000000)
  eden space 127488K, 0% used [0x00000000e0000000,0x00000000e0000000,0x00000000e7c80000)
  from space 10240K, 70% used [0x00000000e7c80000,0x00000000e8387bd0,0x00000000e8680000)
  to   space 10240K, 0% used [0x00000000e9b80000,0x00000000e9b80000,0x00000000ea580000)
 ParOldGen       total 37888K, used 8350K [0x00000000a0000000, 0x00000000a2500000, 0x00000000e0000000)
  object space 37888K, 22% used [0x00000000a0000000,0x00000000a0827828,0x00000000a2500000)
 Metaspace       used 29221K, capacity 29792K, committed 30000K, reserved 1075200K
  class space    used 3961K, capacity 4139K, committed 4144K, reserved 1048576K
}
Event: 20.358 GC heap before
{Heap before GC invocations=9 (full 1):
 PSYoungGen      total 137728K, used 79305K [0x00000000e0000000, 0x00000000ea580000, 0x0000000100000000)
  eden space 127488K, 56% used [0x00000000e0000000,0x00000000e466a8f0,0x00000000e7c80000)
  from space 10240K, 70% used [0x00000000e7c80000,0x00000000e8387bd0,0x00000000e8680000)
  to   space 10240K, 0% used [0x00000000e9b80000,0x00000000e9b80000,0x00000000ea580000)
 ParOldGen       total 37888K, used 8350K [0x00000000a0000000, 0x00000000a2500000, 0x00000000e0000000)
  object space 37888K, 22% used [0x00000000a0000000,0x00000000a0827828,0x00000000a2500000)
 Metaspace       used 34636K, capacity 35162K, committed 35496K, reserved 1079296K
  class space    used 4636K, capacity 4818K, committed 4912K, reserved 1048576K

