# JRE version: OpenJDK Runtime Environment (8.0_76-b03) (build 1.8.0_76-release-b03)
# Java VM: OpenJDK 64-Bit Server VM (25.76-b03 mixed mode windows-amd64 compressed oops)
Heap:
 PSYoungGen      total 249856K, used 20453K [0x00000000e0000000, 0x00000000f5c80000, 0x0000000100000000)
  eden space 229376K, 0% used [0x00000000e0000000,0x00000000e0000000,0x00000000ee000000)
  from space 20480K, 99% used [0x00000000ee000000,0x00000000ef3f94d0,0x00000000ef400000)
  to   space 30208K, 0% used [0x00000000f3f00000,0x00000000f3f00000,0x00000000f5c80000)
 ParOldGen       total 53760K, used 51886K [0x00000000a0000000, 0x00000000a3480000, 0x00000000e0000000)
  object space 53760K, 96% used [0x00000000a0000000,0x00000000a32aba10,0x00000000a3480000)
 Metaspace       used 63914K, capacity 65616K, committed 65968K, reserved 1105920K
  class space    used 8124K, capacity 8510K, committed 8624K, reserved 1048576K
GC Heap History (10 events):
Event: 28.922 GC heap after
Heap after GC invocations=12 (full 2):
 PSYoungGen      total 241664K, used 13792K [0x00000000e0000000, 0x00000000f0880000, 0x0000000100000000)
  eden space 227840K, 0% used [0x00000000e0000000,0x00000000e0000000,0x00000000ede80000)
  from space 13824K, 99% used [0x00000000ef280000,0x00000000efff81e8,0x00000000f0000000)
  to   space 20480K, 0% used [0x00000000ede80000,0x00000000ede80000,0x00000000ef280000)
 ParOldGen       total 53760K, used 31106K [0x00000000a0000000, 0x00000000a3480000, 0x00000000e0000000)
  object space 53760K, 57% used [0x00000000a0000000,0x00000000a1e608b0,0x00000000a3480000)
 Metaspace       used 50207K, capacity 51510K, committed 51760K, reserved 1093632K
  class space    used 6667K, capacity 6957K, committed 6960K, reserved 1048576K
}
Event: 77.516 GC heap before
{Heap before GC invocations=13 (full 2):
 PSYoungGen      total 241664K, used 126853K [0x00000000e0000000, 0x00000000f0880000, 0x0000000100000000)
  eden space 227840K, 49% used [0x00000000e0000000,0x00000000e6e69398,0x00000000ede80000)
  from space 13824K, 99% used [0x00000000ef280000,0x00000000efff81e8,0x00000000f0000000)
  to   space 20480K, 0% used [0x00000000ede80000,0x00000000ede80000,0x00000000ef280000)
 ParOldGen       total 53760K, used 31106K [0x00000000a0000000, 0x00000000a3480000, 0x00000000e0000000)
  object space 53760K, 57% used [0x00000000a0000000,0x00000000a1e608b0,0x00000000a3480000)
 Metaspace       used 53490K, capacity 54972K, committed 55088K, reserved 1097728K
  class space    used 7075K, capacity 7372K, committed 7472K, reserved 1048576K
Event: 77.572 GC heap after
Heap after GC invocations=13 (full 2):
 PSYoungGen      total 248320K, used 5863K [0x00000000e0000000, 0x00000000f0780000, 0x0000000100000000)
  eden space 227840K, 0% used [0x00000000e0000000,0x00000000e0000000,0x00000000ede80000)
  from space 20480K, 28% used [0x00000000ede80000,0x00000000ee439e20,0x00000000ef280000)
  to   space 19968K, 0% used [0x00000000ef400000,0x00000000ef400000,0x00000000f0780000)
 ParOldGen       total 53760K, used 43873K [0x00000000a0000000, 0x00000000a3480000, 0x00000000e0000000)
  object space 53760K, 81% used [0x00000000a0000000,0x00000000a2ad8438,0x00000000a3480000)
 Metaspace       used 53490K, capacity 54972K, committed 55088K, reserved 1097728K
  class space    used 7075K, capacity 7372K, committed 7472K, reserved 1048576K
}
Event: 77.572 GC heap before
{Heap before GC invocations=14 (full 3):
 PSYoungGen      total 248320K, used 5863K [0x00000000e0000000, 0x00000000f0780000, 0x0000000100000000)
  eden space 227840K, 0% used [0x00000000e0000000,0x00000000e0000000,0x00000000ede80000)
  from space 20480K, 28% used [0x00000000ede80000,0x00000000ee439e20,0x00000000ef280000)
  to   space 19968K, 0% used [0x00000000ef400000,0x00000000ef400000,0x00000000f0780000)
 ParOldGen       total 53760K, used 43873K [0x00000000a0000000, 0x00000000a3480000, 0x00000000e0000000)
  object space 53760K, 81% used [0x00000000a0000000,0x00000000a2ad8438,0x00000000a3480000)
 Metaspace       used 53490K, capacity 54972K, committed 55088K, reserved 1097728K
  class space    used 7075K, capacity 7372K, committed 7472K, reserved 1048576K
Event: 78.036 GC heap after
Heap after GC invocations=14 (full 3):
 PSYoungGen      total 248320K, used 0K [0x00000000e0000000, 0x00000000f0780000, 0x0000000100000000)
  eden space 227840K, 0% used [0x00000000e0000000,0x00000000e0000000,0x00000000ede80000)
  from space 20480K, 0% used [0x00000000ede80000,0x00000000ede80000,0x00000000ef280000)
  to   space 19968K, 0% used [0x00000000ef400000,0x00000000ef400000,0x00000000f0780000)
 ParOldGen       total 53760K, used 34470K [0x00000000a0000000, 0x00000000a3480000, 0x00000000e0000000)
  object space 53760K, 64% used [0x00000000a0000000,0x00000000a21a9b00,0x00000000a3480000)
 Metaspace       used 53489K, capacity 54966K, committed 55088K, reserved 1097728K
  class space    used 7074K, capacity 7371K, committed 7472K, reserved 1048576K
}
Event: 3116.409 GC heap before
{Heap before GC invocations=15 (full 3):
 PSYoungGen      total 248320K, used 227840K [0x00000000e0000000, 0x00000000f0780000, 0x0000000100000000)
  eden space 227840K, 100% used [0x00000000e0000000,0x00000000ede80000,0x00000000ede80000)
  from space 20480K, 0% used [0x00000000ede80000,0x00000000ede80000,0x00000000ef280000)
  to   space 19968K, 0% used [0x00000000ef400000,0x00000000ef400000,0x00000000f0780000)
 ParOldGen       total 53760K, used 34470K [0x00000000a0000000, 0x00000000a3480000, 0x00000000e0000000)
  object space 53760K, 64% used [0x00000000a0000000,0x00000000a21a9b00,0x00000000a3480000)
 Metaspace       used 58719K, capacity 60366K, committed 60464K, reserved 1101824K
  class space    used 7651K, capacity 7967K, committed 7984K, reserved 1048576K
Event: 3116.725 GC heap after
Heap after GC invocations=15 (full 3):
 PSYoungGen      total 249344K, used 13468K [0x00000000e0000000, 0x00000000f4280000, 0x0000000100000000)
  eden space 229376K, 0% used [0x00000000e0000000,0x00000000e0000000,0x00000000ee000000)
  from space 19968K, 67% used [0x00000000ef400000,0x00000000f0127260,0x00000000f0780000)
  to   space 20480K, 0% used [0x00000000ee000000,0x00000000ee000000,0x00000000ef400000)
 ParOldGen       total 53760K, used 34478K [0x00000000a0000000, 0x00000000a3480000, 0x00000000e0000000)
  object space 53760K, 64% used [0x00000000a0000000,0x00000000a21abb00,0x00000000a3480000)
 Metaspace       used 58719K, capacity 60366K, committed 60464K, reserved 1101824K
  class space    used 7651K, capacity 7967K, committed 7984K, reserved 1048576K
}
Event: 3171.770 GC heap before
{Heap before GC invocations=16 (full 3):
 PSYoungGen      total 249344K, used 242844K [0x00000000e0000000, 0x00000000f4280000, 0x0000000100000000)
  eden space 229376K, 100% used [0x00000000e0000000,0x00000000ee000000,0x00000000ee000000)
  from space 19968K, 67% used [0x00000000ef400000,0x00000000f0127260,0x00000000f0780000)
  to   space 20480K, 0% used [0x00000000ee000000,0x00000000ee000000,0x00000000ef400000)
 ParOldGen       total 53760K, used 34478K [0x00000000a0000000, 0x00000000a3480000, 0x00000000e0000000)
  object space 53760K, 64% used [0x00000000a0000000,0x00000000a21abb00,0x00000000a3480000)
 Metaspace       used 63914K, capacity 65616K, committed 65968K, reserved 1105920K
  class space    used 8124K, capacity 8510K, committed 8624K, reserved 1048576K
Event: 3173.538 GC heap after
Heap after GC invocations=16 (full 3):
 PSYoungGen      total 249856K, used 20453K [0x00000000e0000000, 0x00000000f5c80000, 0x0000000100000000)
  eden space 229376K, 0% used [0x00000000e0000000,0x00000000e0000000,0x00000000ee000000)
  from space 20480K, 99% used [0x00000000ee000000,0x00000000ef3f94d0,0x00000000ef400000)
  to   space 30208K, 0% used [0x00000000f3f00000,0x00000000f3f00000,0x00000000f5c80000)
 ParOldGen       total 53760K, used 51886K [0x00000000a0000000, 0x00000000a3480000, 0x00000000e0000000)
  object space 53760K, 96% used [0x00000000a0000000,0x00000000a32aba10,0x00000000a3480000)
 Metaspace       used 63914K, capacity 65616K, committed 65968K, reserved 1105920K
  class space    used 8124K, capacity 8510K, committed 8624K, reserved 1048576K
}
Event: 3173.538 GC heap before
{Heap before GC invocations=17 (full 4):
 PSYoungGen      total 249856K, used 20453K [0x00000000e0000000, 0x00000000f5c80000, 0x0000000100000000)
  eden space 229376K, 0% used [0x00000000e0000000,0x00000000e0000000,0x00000000ee000000)
  from space 20480K, 99% used [0x00000000ee000000,0x00000000ef3f94d0,0x00000000ef400000)
  to   space 30208K, 0% used [0x00000000f3f00000,0x00000000f3f00000,0x00000000f5c80000)
 ParOldGen       total 53760K, used 51886K [0x00000000a0000000, 0x00000000a3480000, 0x00000000e0000000)
  object space 53760K, 96% used [0x00000000a0000000,0x00000000a32aba10,0x00000000a3480000)
 Metaspace       used 63914K, capacity 65616K, committed 65968K, reserved 1105920K
  class space    used 8124K, capacity 8510K, committed 8624K, reserved 1048576K

