# JRE version: OpenJDK Runtime Environment (8.0_112-b06) (build 1.8.0_112-release-b06)
# Java VM: OpenJDK 64-Bit Server VM (25.112-b06 mixed mode windows-amd64 compressed oops)
Heap:
 PSYoungGen      total 421376K, used 84459K [0x00000000e0000000, 0x0000000100000000, 0x0000000100000000)
  eden space 366592K, 21% used [0x00000000e0000000,0x00000000e4d28728,0x00000000f6600000)
  from space 54784K, 9% used [0x00000000f6600000,0x00000000f6b52880,0x00000000f9b80000)
  to   space 82944K, 0% used [0x00000000faf00000,0x00000000faf00000,0x0000000100000000)
 ParOldGen       total 283648K, used 163410K [0x00000000a0000000, 0x00000000b1500000, 0x00000000e0000000)
  object space 283648K, 57% used [0x00000000a0000000,0x00000000a9f94978,0x00000000b1500000)
 Metaspace       used 77892K, capacity 84376K, committed 84736K, reserved 1124352K
  class space    used 9824K, capacity 10708K, committed 10752K, reserved 1048576K
GC Heap History (10 events):
Event: 15562.335 GC heap before
{Heap before GC invocations=70 (full 10):
 PSYoungGen      total 455168K, used 22717K [0x00000000e0000000, 0x0000000100000000, 0x0000000100000000)
  eden space 381440K, 0% used [0x00000000e0000000,0x00000000e0000000,0x00000000f7480000)
  from space 73728K, 30% used [0x00000000fb800000,0x00000000fce2f4e0,0x0000000100000000)
  to   space 69120K, 0% used [0x00000000f7480000,0x00000000f7480000,0x00000000fb800000)
 ParOldGen       total 162816K, used 135746K [0x00000000a0000000, 0x00000000a9f00000, 0x00000000e0000000)
  object space 162816K, 83% used [0x00000000a0000000,0x00000000a8490b28,0x00000000a9f00000)
 Metaspace       used 77907K, capacity 84316K, committed 84480K, reserved 1122304K
  class space    used 9838K, capacity 10734K, committed 10752K, reserved 1048576K
Event: 15584.215 GC heap after
Heap after GC invocations=70 (full 10):
 PSYoungGen      total 455168K, used 0K [0x00000000e0000000, 0x0000000100000000, 0x0000000100000000)
  eden space 381440K, 0% used [0x00000000e0000000,0x00000000e0000000,0x00000000f7480000)
  from space 73728K, 0% used [0x00000000fb800000,0x00000000fb800000,0x0000000100000000)
  to   space 69120K, 0% used [0x00000000f7480000,0x00000000f7480000,0x00000000fb800000)
 ParOldGen       total 163840K, used 57674K [0x00000000a0000000, 0x00000000aa000000, 0x00000000e0000000)
  object space 163840K, 35% used [0x00000000a0000000,0x00000000a3852878,0x00000000aa000000)
 Metaspace       used 77814K, capacity 84154K, committed 84480K, reserved 1122304K
  class space    used 9823K, capacity 10705K, committed 10752K, reserved 1048576K
}
Event: 15593.690 GC heap before
{Heap before GC invocations=71 (full 10):
 PSYoungGen      total 455168K, used 381440K [0x00000000e0000000, 0x0000000100000000, 0x0000000100000000)
  eden space 381440K, 100% used [0x00000000e0000000,0x00000000f7480000,0x00000000f7480000)
  from space 73728K, 0% used [0x00000000fb800000,0x00000000fb800000,0x0000000100000000)
  to   space 69120K, 0% used [0x00000000f7480000,0x00000000f7480000,0x00000000fb800000)
 ParOldGen       total 163840K, used 57674K [0x00000000a0000000, 0x00000000aa000000, 0x00000000e0000000)
  object space 163840K, 35% used [0x00000000a0000000,0x00000000a3852878,0x00000000aa000000)
 Metaspace       used 77891K, capacity 84376K, committed 84736K, reserved 1124352K
  class space    used 9824K, capacity 10708K, committed 10752K, reserved 1048576K
Event: 15593.825 GC heap after
Heap after GC invocations=71 (full 10):
 PSYoungGen      total 450560K, used 44369K [0x00000000e0000000, 0x0000000100000000, 0x0000000100000000)
  eden space 381440K, 0% used [0x00000000e0000000,0x00000000e0000000,0x00000000f7480000)
  from space 69120K, 64% used [0x00000000f7480000,0x00000000f9fd4790,0x00000000fb800000)
  to   space 72192K, 0% used [0x00000000fb980000,0x00000000fb980000,0x0000000100000000)
 ParOldGen       total 163840K, used 57682K [0x00000000a0000000, 0x00000000aa000000, 0x00000000e0000000)
  object space 163840K, 35% used [0x00000000a0000000,0x00000000a3854878,0x00000000aa000000)
 Metaspace       used 77891K, capacity 84376K, committed 84736K, reserved 1124352K
  class space    used 9824K, capacity 10708K, committed 10752K, reserved 1048576K
}
Event: 15595.747 GC heap before
{Heap before GC invocations=72 (full 10):
 PSYoungGen      total 450560K, used 425809K [0x00000000e0000000, 0x0000000100000000, 0x0000000100000000)
  eden space 381440K, 100% used [0x00000000e0000000,0x00000000f7480000,0x00000000f7480000)
  from space 69120K, 64% used [0x00000000f7480000,0x00000000f9fd4790,0x00000000fb800000)
  to   space 72192K, 0% used [0x00000000fb980000,0x00000000fb980000,0x0000000100000000)
 ParOldGen       total 163840K, used 57682K [0x00000000a0000000, 0x00000000aa000000, 0x00000000e0000000)
  object space 163840K, 35% used [0x00000000a0000000,0x00000000a3854878,0x00000000aa000000)
 Metaspace       used 77891K, capacity 84376K, committed 84736K, reserved 1124352K
  class space    used 9824K, capacity 10708K, committed 10752K, reserved 1048576K
Event: 15597.387 GC heap after
Heap after GC invocations=72 (full 10):
 PSYoungGen      total 438784K, used 56836K [0x00000000e0000000, 0x0000000100000000, 0x0000000100000000)
  eden space 366592K, 0% used [0x00000000e0000000,0x00000000e0000000,0x00000000f6600000)
  from space 72192K, 78% used [0x00000000fb980000,0x00000000ff1012a0,0x0000000100000000)
  to   space 78848K, 0% used [0x00000000f6600000,0x00000000f6600000,0x00000000fb300000)
 ParOldGen       total 163840K, used 86957K [0x00000000a0000000, 0x00000000aa000000, 0x00000000e0000000)
  object space 163840K, 53% used [0x00000000a0000000,0x00000000a54eb448,0x00000000aa000000)
 Metaspace       used 77891K, capacity 84376K, committed 84736K, reserved 1124352K
  class space    used 9824K, capacity 10708K, committed 10752K, reserved 1048576K
}
Event: 15598.778 GC heap before
{Heap before GC invocations=73 (full 10):
 PSYoungGen      total 438784K, used 423428K [0x00000000e0000000, 0x0000000100000000, 0x0000000100000000)
  eden space 366592K, 100% used [0x00000000e0000000,0x00000000f6600000,0x00000000f6600000)
  from space 72192K, 78% used [0x00000000fb980000,0x00000000ff1012a0,0x0000000100000000)
  to   space 78848K, 0% used [0x00000000f6600000,0x00000000f6600000,0x00000000fb300000)
 ParOldGen       total 163840K, used 86957K [0x00000000a0000000, 0x00000000aa000000, 0x00000000e0000000)
  object space 163840K, 53% used [0x00000000a0000000,0x00000000a54eb448,0x00000000aa000000)
 Metaspace       used 77891K, capacity 84376K, committed 84736K, reserved 1124352K
  class space    used 9824K, capacity 10708K, committed 10752K, reserved 1048576K
Event: 15599.023 GC heap after
Heap after GC invocations=73 (full 10):
 PSYoungGen      total 421376K, used 54671K [0x00000000e0000000, 0x0000000100000000, 0x0000000100000000)
  eden space 366592K, 0% used [0x00000000e0000000,0x00000000e0000000,0x00000000f6600000)
  from space 54784K, 99% used [0x00000000f6600000,0x00000000f9b63ef8,0x00000000f9b80000)
  to   space 82944K, 0% used [0x00000000faf00000,0x00000000faf00000,0x0000000100000000)
 ParOldGen       total 163840K, used 125160K [0x00000000a0000000, 0x00000000aa000000, 0x00000000e0000000)
  object space 163840K, 76% used [0x00000000a0000000,0x00000000a7a3a3e0,0x00000000aa000000)
 Metaspace       used 77891K, capacity 84376K, committed 84736K, reserved 1124352K
  class space    used 9824K, capacity 10708K, committed 10752K, reserved 1048576K
}
Event: 15599.023 GC heap before
{Heap before GC invocations=74 (full 11):
 PSYoungGen      total 421376K, used 54671K [0x00000000e0000000, 0x0000000100000000, 0x0000000100000000)
  eden space 366592K, 0% used [0x00000000e0000000,0x00000000e0000000,0x00000000f6600000)
  from space 54784K, 99% used [0x00000000f6600000,0x00000000f9b63ef8,0x00000000f9b80000)
  to   space 82944K, 0% used [0x00000000faf00000,0x00000000faf00000,0x0000000100000000)
 ParOldGen       total 163840K, used 125160K [0x00000000a0000000, 0x00000000aa000000, 0x00000000e0000000)
  object space 163840K, 76% used [0x00000000a0000000,0x00000000a7a3a3e0,0x00000000aa000000)
 Metaspace       used 77891K, capacity 84376K, committed 84736K, reserved 1124352K
  class space    used 9824K, capacity 10708K, committed 10752K, reserved 1048576K
Event: 15604.467 GC heap after
Heap after GC invocations=74 (full 11):
 PSYoungGen      total 421376K, used 5450K [0x00000000e0000000, 0x0000000100000000, 0x0000000100000000)
  eden space 366592K, 0% used [0x00000000e0000000,0x00000000e0000000,0x00000000f6600000)
  from space 54784K, 9% used [0x00000000f6600000,0x00000000f6b52880,0x00000000f9b80000)
  to   space 82944K, 0% used [0x00000000faf00000,0x00000000faf00000,0x0000000100000000)
 ParOldGen       total 283648K, used 163410K [0x00000000a0000000, 0x00000000b1500000, 0x00000000e0000000)
  object space 283648K, 57% used [0x00000000a0000000,0x00000000a9f94978,0x00000000b1500000)
 Metaspace       used 77891K, capacity 84376K, committed 84736K, reserved 1124352K
  class space    used 9824K, capacity 10708K, committed 10752K, reserved 1048576K
}

