# JRE version: OpenJDK Runtime Environment (8.0_112-b06) (build 1.8.0_112-release-b06)
# Java VM: OpenJDK 64-Bit Server VM (25.112-b06 mixed mode windows-amd64 compressed oops)
Heap:
 PSYoungGen      total 429568K, used 37106K [0x00000000e0000000, 0x0000000100000000, 0x0000000100000000)
  eden space 334848K, 0% used [0x00000000e0000000,0x00000000e0000000,0x00000000f4700000)
  from space 94720K, 39% used [0x00000000f4700000,0x00000000f6b3cad8,0x00000000fa380000)
  to   space 89088K, 0% used [0x00000000fa900000,0x00000000fa900000,0x0000000100000000)
 ParOldGen       total 192512K, used 189802K [0x00000000a0000000, 0x00000000abc00000, 0x00000000e0000000)
  object space 192512K, 98% used [0x00000000a0000000,0x00000000ab95a8d0,0x00000000abc00000)
 Metaspace       used 81181K, capacity 85600K, committed 85760K, reserved 1124352K
  class space    used 10200K, capacity 10909K, committed 11008K, reserved 1048576K
GC Heap History (10 events):
Event: 1088.301 GC heap after
Heap after GC invocations=29 (full 4):
 PSYoungGen      total 440832K, used 12103K [0x00000000e0000000, 0x0000000100000000, 0x0000000100000000)
  eden space 370176K, 0% used [0x00000000e0000000,0x00000000e0000000,0x00000000f6980000)
  from space 70656K, 17% used [0x00000000f6980000,0x00000000f7551f50,0x00000000fae80000)
  to   space 69632K, 0% used [0x00000000fbc00000,0x00000000fbc00000,0x0000000100000000)
 ParOldGen       total 192512K, used 145709K [0x00000000a0000000, 0x00000000abc00000, 0x00000000e0000000)
  object space 192512K, 75% used [0x00000000a0000000,0x00000000a8e4b718,0x00000000abc00000)
 Metaspace       used 80173K, capacity 84206K, committed 84352K, reserved 1122304K
  class space    used 10123K, capacity 10820K, committed 10880K, reserved 1048576K
}
Event: 1726.136 GC heap before
{Heap before GC invocations=30 (full 4):
 PSYoungGen      total 440832K, used 382279K [0x00000000e0000000, 0x0000000100000000, 0x0000000100000000)
  eden space 370176K, 100% used [0x00000000e0000000,0x00000000f6980000,0x00000000f6980000)
  from space 70656K, 17% used [0x00000000f6980000,0x00000000f7551f50,0x00000000fae80000)
  to   space 69632K, 0% used [0x00000000fbc00000,0x00000000fbc00000,0x0000000100000000)
 ParOldGen       total 192512K, used 145709K [0x00000000a0000000, 0x00000000abc00000, 0x00000000e0000000)
  object space 192512K, 75% used [0x00000000a0000000,0x00000000a8e4b718,0x00000000abc00000)
 Metaspace       used 81109K, capacity 85530K, committed 85760K, reserved 1124352K
  class space    used 10199K, capacity 10908K, committed 11008K, reserved 1048576K
Event: 1726.247 GC heap after
Heap after GC invocations=30 (full 4):
 PSYoungGen      total 450560K, used 10348K [0x00000000e0000000, 0x00000000ffd00000, 0x0000000100000000)
  eden space 384000K, 0% used [0x00000000e0000000,0x00000000e0000000,0x00000000f7700000)
  from space 66560K, 15% used [0x00000000fbc00000,0x00000000fc61b0c0,0x00000000ffd00000)
  to   space 68608K, 0% used [0x00000000f7700000,0x00000000f7700000,0x00000000fba00000)
 ParOldGen       total 192512K, used 147461K [0x00000000a0000000, 0x00000000abc00000, 0x00000000e0000000)
  object space 192512K, 76% used [0x00000000a0000000,0x00000000a90017b8,0x00000000abc00000)
 Metaspace       used 81109K, capacity 85530K, committed 85760K, reserved 1124352K
  class space    used 10199K, capacity 10908K, committed 11008K, reserved 1048576K
}
Event: 1730.500 GC heap before
{Heap before GC invocations=31 (full 4):
 PSYoungGen      total 450560K, used 394348K [0x00000000e0000000, 0x00000000ffd00000, 0x0000000100000000)
  eden space 384000K, 100% used [0x00000000e0000000,0x00000000f7700000,0x00000000f7700000)
  from space 66560K, 15% used [0x00000000fbc00000,0x00000000fc61b0c0,0x00000000ffd00000)
  to   space 68608K, 0% used [0x00000000f7700000,0x00000000f7700000,0x00000000fba00000)
 ParOldGen       total 192512K, used 147461K [0x00000000a0000000, 0x00000000abc00000, 0x00000000e0000000)
  object space 192512K, 76% used [0x00000000a0000000,0x00000000a90017b8,0x00000000abc00000)
 Metaspace       used 81121K, capacity 85536K, committed 85760K, reserved 1124352K
  class space    used 10200K, capacity 10909K, committed 11008K, reserved 1048576K
Event: 1730.696 GC heap after
Heap after GC invocations=31 (full 4):
 PSYoungGen      total 447488K, used 63415K [0x00000000e0000000, 0x0000000100000000, 0x0000000100000000)
  eden space 384000K, 0% used [0x00000000e0000000,0x00000000e0000000,0x00000000f7700000)
  from space 63488K, 99% used [0x00000000f7700000,0x00000000fb4ede50,0x00000000fb500000)
  to   space 76800K, 0% used [0x00000000fb500000,0x00000000fb500000,0x0000000100000000)
 ParOldGen       total 192512K, used 147469K [0x00000000a0000000, 0x00000000abc00000, 0x00000000e0000000)
  object space 192512K, 76% used [0x00000000a0000000,0x00000000a90037b8,0x00000000abc00000)
 Metaspace       used 81121K, capacity 85536K, committed 85760K, reserved 1124352K
  class space    used 10200K, capacity 10909K, committed 11008K, reserved 1048576K
}
Event: 1732.583 GC heap before
{Heap before GC invocations=32 (full 4):
 PSYoungGen      total 447488K, used 447415K [0x00000000e0000000, 0x0000000100000000, 0x0000000100000000)
  eden space 384000K, 100% used [0x00000000e0000000,0x00000000f7700000,0x00000000f7700000)
  from space 63488K, 99% used [0x00000000f7700000,0x00000000fb4ede50,0x00000000fb500000)
  to   space 76800K, 0% used [0x00000000fb500000,0x00000000fb500000,0x0000000100000000)
 ParOldGen       total 192512K, used 147469K [0x00000000a0000000, 0x00000000abc00000, 0x00000000e0000000)
  object space 192512K, 76% used [0x00000000a0000000,0x00000000a90037b8,0x00000000abc00000)
 Metaspace       used 81134K, capacity 85536K, committed 85760K, reserved 1124352K
  class space    used 10200K, capacity 10909K, committed 11008K, reserved 1048576K
Event: 1732.921 GC heap after
Heap after GC invocations=32 (full 4):
 PSYoungGen      total 411648K, used 76770K [0x00000000e0000000, 0x0000000100000000, 0x0000000100000000)
  eden space 334848K, 0% used [0x00000000e0000000,0x00000000e0000000,0x00000000f4700000)
  from space 76800K, 99% used [0x00000000fb500000,0x00000000ffff8b30,0x0000000100000000)
  to   space 94720K, 0% used [0x00000000f4700000,0x00000000f4700000,0x00000000fa380000)
 ParOldGen       total 192512K, used 157815K [0x00000000a0000000, 0x00000000abc00000, 0x00000000e0000000)
  object space 192512K, 81% used [0x00000000a0000000,0x00000000a9a1dfa8,0x00000000abc00000)
 Metaspace       used 81134K, capacity 85536K, committed 85760K, reserved 1124352K
  class space    used 10200K, capacity 10909K, committed 11008K, reserved 1048576K
}
Event: 1736.300 GC heap before
{Heap before GC invocations=33 (full 4):
 PSYoungGen      total 411648K, used 411618K [0x00000000e0000000, 0x0000000100000000, 0x0000000100000000)
  eden space 334848K, 100% used [0x00000000e0000000,0x00000000f4700000,0x00000000f4700000)
  from space 76800K, 99% used [0x00000000fb500000,0x00000000ffff8b30,0x0000000100000000)
  to   space 94720K, 0% used [0x00000000f4700000,0x00000000f4700000,0x00000000fa380000)
 ParOldGen       total 192512K, used 157815K [0x00000000a0000000, 0x00000000abc00000, 0x00000000e0000000)
  object space 192512K, 81% used [0x00000000a0000000,0x00000000a9a1dfa8,0x00000000abc00000)
 Metaspace       used 81181K, capacity 85600K, committed 85760K, reserved 1124352K
  class space    used 10200K, capacity 10909K, committed 11008K, reserved 1048576K
Event: 1736.553 GC heap after
Heap after GC invocations=33 (full 4):
 PSYoungGen      total 429568K, used 37106K [0x00000000e0000000, 0x0000000100000000, 0x0000000100000000)
  eden space 334848K, 0% used [0x00000000e0000000,0x00000000e0000000,0x00000000f4700000)
  from space 94720K, 39% used [0x00000000f4700000,0x00000000f6b3cad8,0x00000000fa380000)
  to   space 89088K, 0% used [0x00000000fa900000,0x00000000fa900000,0x0000000100000000)
 ParOldGen       total 192512K, used 189802K [0x00000000a0000000, 0x00000000abc00000, 0x00000000e0000000)
  object space 192512K, 98% used [0x00000000a0000000,0x00000000ab95a8d0,0x00000000abc00000)
 Metaspace       used 81181K, capacity 85600K, committed 85760K, reserved 1124352K
  class space    used 10200K, capacity 10909K, committed 11008K, reserved 1048576K
}
Event: 1736.553 GC heap before
{Heap before GC invocations=34 (full 5):
 PSYoungGen      total 429568K, used 37106K [0x00000000e0000000, 0x0000000100000000, 0x0000000100000000)
  eden space 334848K, 0% used [0x00000000e0000000,0x00000000e0000000,0x00000000f4700000)
  from space 94720K, 39% used [0x00000000f4700000,0x00000000f6b3cad8,0x00000000fa380000)
  to   space 89088K, 0% used [0x00000000fa900000,0x00000000fa900000,0x0000000100000000)
 ParOldGen       total 192512K, used 189802K [0x00000000a0000000, 0x00000000abc00000, 0x00000000e0000000)
  object space 192512K, 98% used [0x00000000a0000000,0x00000000ab95a8d0,0x00000000abc00000)
 Metaspace       used 81181K, capacity 85600K, committed 85760K, reserved 1124352K
  class space    used 10200K, capacity 10909K, committed 11008K, reserved 1048576K

